{
  "RSpec": {
    "coverage": {
      "/home/victor/Treinadev8/e-commerce_delivery_system/app/models/user.rb": {
        "lines": [
          1,
          null,
          null,
          1,
          null,
          null,
          1,
          null,
          1,
          null,
          1,
          null,
          1,
          36,
          36,
          null,
          36,
          34,
          null,
          null,
          null
        ]
      },
      "/home/victor/Treinadev8/e-commerce_delivery_system/app/models/application_record.rb": {
        "lines": [
          1,
          1,
          null
        ]
      },
      "/home/victor/Treinadev8/e-commerce_delivery_system/app/models/admin.rb": {
        "lines": [
          1,
          null,
          null,
          1,
          null,
          null,
          1,
          null
        ]
      },
      "/home/victor/Treinadev8/e-commerce_delivery_system/app/helpers/application_helper.rb": {
        "lines": [
          1,
          1,
          40,
          40,
          2,
          38,
          8,
          null,
          30,
          null,
          40,
          null,
          null
        ]
      },
      "/home/victor/Treinadev8/e-commerce_delivery_system/app/models/delivery_time_line.rb": {
        "lines": [
          1,
          1,
          1,
          1,
          null,
          1,
          null,
          1,
          67,
          64,
          1,
          null,
          null,
          null,
          null,
          1,
          67,
          67,
          16,
          19,
          null,
          2,
          2,
          null,
          null,
          null,
          null,
          null
        ]
      },
      "/home/victor/Treinadev8/e-commerce_delivery_system/app/models/delivery_time_table.rb": {
        "lines": [
          1,
          1,
          1,
          null
        ]
      },
      "/home/victor/Treinadev8/e-commerce_delivery_system/app/models/order.rb": {
        "lines": [
          1,
          1,
          1,
          1,
          null,
          1,
          1,
          1,
          1,
          1,
          1,
          null,
          1,
          1,
          21,
          null,
          null,
          1,
          43,
          43,
          null,
          42,
          43,
          43,
          43,
          43,
          42,
          null,
          null,
          null,
          null,
          null,
          1,
          43,
          43,
          null,
          43,
          null,
          39,
          null,
          39,
          40,
          40,
          40,
          40,
          40,
          null,
          38,
          2,
          2,
          null,
          null,
          null,
          null,
          null,
          1,
          21,
          null,
          null,
          1,
          43,
          1,
          null,
          null,
          null,
          1,
          43,
          1,
          null,
          null,
          null,
          1,
          43,
          null,
          43,
          null,
          null,
          2,
          4,
          2,
          1,
          null,
          null,
          null,
          null
        ]
      },
      "/home/victor/Treinadev8/e-commerce_delivery_system/app/models/price_line.rb": {
        "lines": [
          1,
          1,
          1,
          1,
          null,
          1,
          null,
          1,
          71,
          70,
          1,
          null,
          null,
          null,
          null,
          1,
          71,
          70,
          1,
          null,
          null,
          null,
          null,
          1,
          71,
          19,
          null,
          19,
          22,
          null,
          null,
          null,
          1,
          1,
          null,
          null,
          null,
          null,
          null
        ]
      },
      "/home/victor/Treinadev8/e-commerce_delivery_system/app/models/price_table.rb": {
        "lines": [
          1,
          1,
          1,
          null
        ]
      },
      "/home/victor/Treinadev8/e-commerce_delivery_system/app/models/shipping_company.rb": {
        "lines": [
          1,
          1,
          1,
          1,
          1,
          1,
          1,
          1,
          null,
          1,
          null,
          1,
          null,
          1,
          105,
          null,
          null,
          1,
          105,
          null,
          null,
          1,
          105,
          null,
          null
        ]
      },
      "/home/victor/Treinadev8/e-commerce_delivery_system/app/models/update_line.rb": {
        "lines": [
          1,
          1,
          1,
          1,
          null
        ]
      },
      "/home/victor/Treinadev8/e-commerce_delivery_system/app/models/vehicle.rb": {
        "lines": [
          1,
          1,
          1,
          1,
          null
        ]
      },
      "/home/victor/Treinadev8/e-commerce_delivery_system/app/controllers/home_controller.rb": {
        "lines": [
          1,
          null,
          1,
          null,
          null,
          null
        ]
      },
      "/home/victor/Treinadev8/e-commerce_delivery_system/app/controllers/application_controller.rb": {
        "lines": [
          1,
          1,
          null,
          1,
          null,
          1,
          52,
          null,
          null
        ]
      },
      "/home/victor/Treinadev8/e-commerce_delivery_system/app/controllers/shipping_companies_controller.rb": {
        "lines": [
          1,
          1,
          1,
          null,
          null,
          1,
          10,
          null,
          null,
          1,
          12,
          12,
          null,
          null,
          1,
          3,
          null,
          null,
          1,
          2,
          null,
          2,
          null,
          2,
          1,
          null,
          1,
          1,
          null,
          null,
          null,
          1,
          2,
          2,
          null,
          null,
          1,
          1,
          1,
          null,
          null,
          null,
          1,
          null,
          1,
          1,
          null,
          0,
          0,
          null,
          null,
          null,
          1,
          1,
          1,
          null,
          1,
          null,
          1,
          1,
          null,
          0,
          0,
          null,
          null,
          null,
          1,
          null,
          1,
          4,
          4,
          null,
          4,
          2,
          null,
          null,
          null,
          1,
          1,
          13,
          1,
          null,
          null,
          null
        ]
      },
      "/home/victor/Treinadev8/e-commerce_delivery_system/app/controllers/order_controller.rb": {
        "lines": [
          1,
          1,
          1,
          null,
          null,
          1,
          11,
          11,
          11,
          null,
          null,
          1,
          16,
          16,
          16,
          16,
          16,
          16,
          null,
          null,
          1,
          2,
          2,
          null,
          null,
          1,
          1,
          1,
          null,
          null,
          1,
          1,
          1,
          null,
          1,
          1,
          null,
          0,
          0,
          null,
          null,
          null,
          1,
          2,
          2,
          null,
          2,
          2,
          2,
          null,
          2,
          null,
          null,
          1,
          6,
          6,
          6,
          6,
          null,
          6,
          null,
          null,
          1,
          2,
          2,
          2,
          2,
          1,
          null,
          1,
          1,
          null,
          null,
          null,
          1,
          1,
          23,
          1,
          null,
          null,
          null,
          null
        ]
      },
      "/home/victor/Treinadev8/e-commerce_delivery_system/app/services/budget_finder.rb": {
        "lines": [
          1,
          1,
          null,
          1,
          4,
          null,
          null,
          1,
          4,
          4,
          4,
          null,
          4,
          6,
          6,
          6,
          6,
          null,
          6,
          12,
          null,
          2,
          10,
          null,
          4,
          null,
          null,
          null,
          6,
          12,
          null,
          4,
          null,
          null,
          null,
          6,
          4,
          2,
          2,
          2,
          null,
          4,
          4,
          null,
          null,
          null,
          4,
          null,
          null
        ]
      },
      "/home/victor/Treinadev8/e-commerce_delivery_system/app/services/application_service.rb": {
        "lines": [
          1,
          1,
          4,
          null,
          null
        ]
      },
      "/home/victor/Treinadev8/e-commerce_delivery_system/app/controllers/delivery_time_table_controller.rb": {
        "lines": [
          1,
          1,
          null,
          1,
          7,
          7,
          7,
          null,
          null,
          1,
          1,
          8,
          1,
          null,
          null,
          null
        ]
      },
      "/home/victor/Treinadev8/e-commerce_delivery_system/app/controllers/delivery_time_line_controller.rb": {
        "lines": [
          1,
          1,
          null,
          1,
          3,
          null,
          null,
          1,
          2,
          null,
          2,
          2,
          2,
          1,
          null,
          1,
          1,
          null,
          null,
          null,
          1,
          1,
          null,
          1,
          1,
          null,
          1,
          null,
          null,
          1,
          1,
          6,
          0,
          null,
          null,
          null
        ]
      },
      "/home/victor/Treinadev8/e-commerce_delivery_system/app/controllers/price_table_controller.rb": {
        "lines": [
          1,
          1,
          null,
          1,
          9,
          9,
          9,
          null,
          null,
          1,
          1,
          1,
          1,
          1,
          1,
          null,
          1,
          null,
          null,
          1,
          1,
          11,
          1,
          null,
          null,
          null
        ]
      },
      "/home/victor/Treinadev8/e-commerce_delivery_system/app/controllers/price_line_controller.rb": {
        "lines": [
          1,
          1,
          null,
          1,
          3,
          null,
          null,
          1,
          2,
          2,
          null,
          2,
          2,
          2,
          2,
          1,
          null,
          1,
          1,
          null,
          null,
          null,
          1,
          1,
          1,
          1,
          null,
          1,
          null,
          null,
          1,
          1,
          6,
          0,
          null,
          null,
          null
        ]
      },
      "/home/victor/Treinadev8/e-commerce_delivery_system/app/controllers/vehicles_controller.rb": {
        "lines": [
          1,
          1,
          null,
          1,
          10,
          10,
          null,
          null,
          1,
          5,
          5,
          null,
          null,
          1,
          3,
          3,
          null,
          null,
          1,
          2,
          2,
          null,
          2,
          2,
          2,
          1,
          null,
          1,
          1,
          null,
          null,
          null,
          1,
          2,
          2,
          null,
          null,
          1,
          1,
          1,
          1,
          null,
          1,
          1,
          null,
          0,
          null,
          null,
          null,
          1,
          1,
          1,
          null,
          1,
          null,
          1,
          null,
          null,
          1,
          1,
          25,
          1,
          null,
          null,
          null
        ]
      },
      "/home/victor/Treinadev8/e-commerce_delivery_system/app/controllers/update_line_controller.rb": {
        "lines": [
          0,
          0,
          null,
          0,
          0,
          0,
          null,
          0,
          0,
          0,
          null,
          0,
          0,
          null,
          0,
          0,
          0,
          0,
          0,
          0,
          0
        ],
        "branches": {
        }
      }
    },
    "timestamp": 1657325682
  }
}
