{
  "RSpec": {
    "coverage": {
      "/home/victor/Treinadev8/e-commerce_delivery_system/app/models/user.rb": {
        "lines": [
          null,
          null,
          1,
          null,
          null,
          1,
          null,
          1,
          null,
          1,
          null,
          1,
          null,
          1,
          32,
          32,
          null,
          32,
          31,
          null,
          null,
          null
        ]
      },
      "/home/victor/Treinadev8/e-commerce_delivery_system/app/models/application_record.rb": {
        "lines": [
          null,
          null,
          1,
          1,
          null
        ]
      },
      "/home/victor/Treinadev8/e-commerce_delivery_system/app/models/admin.rb": {
        "lines": [
          null,
          null,
          1,
          null,
          null,
          1,
          null,
          1,
          null
        ]
      },
      "/home/victor/Treinadev8/e-commerce_delivery_system/app/helpers/application_helper.rb": {
        "lines": [
          null,
          null,
          1,
          1,
          21,
          21,
          2,
          19,
          8,
          null,
          11,
          null,
          21,
          null,
          null
        ]
      },
      "/home/victor/Treinadev8/e-commerce_delivery_system/app/models/delivery_time_line.rb": {
        "lines": [
          null,
          null,
          1,
          1,
          1,
          1,
          null,
          1,
          null,
          1,
          40,
          1,
          null,
          null,
          null,
          1,
          40,
          40,
          5,
          7,
          null,
          null,
          2,
          2,
          null,
          null,
          null,
          null
        ]
      },
      "/home/victor/Treinadev8/e-commerce_delivery_system/app/models/order.rb": {
        "lines": [
          null,
          null,
          1,
          1,
          1,
          1,
          null,
          1,
          1,
          1,
          1,
          null,
          1,
          1,
          null,
          1,
          null,
          null,
          null,
          1,
          27,
          27,
          null,
          26,
          27,
          27,
          27,
          27,
          null,
          null,
          null,
          null,
          1,
          27,
          null,
          27,
          23,
          null,
          23,
          24,
          24,
          24,
          24,
          24,
          null,
          22,
          2,
          2,
          null,
          null,
          null,
          null,
          null,
          1,
          12,
          null,
          null,
          1,
          27,
          null,
          null,
          1,
          27,
          null,
          null,
          1,
          27,
          null,
          27,
          null,
          1,
          1,
          1,
          null,
          null,
          null
        ]
      },
      "/home/victor/Treinadev8/e-commerce_delivery_system/app/models/price_line.rb": {
        "lines": [
          null,
          null,
          1,
          1,
          1,
          1,
          null,
          1,
          null,
          1,
          51,
          1,
          null,
          null,
          null,
          1,
          51,
          1,
          null,
          null,
          null,
          1,
          51,
          51,
          null,
          10,
          13,
          null,
          null,
          null,
          null,
          1,
          1,
          null,
          null,
          null,
          null
        ]
      },
      "/home/victor/Treinadev8/e-commerce_delivery_system/app/models/shipping_company.rb": {
        "lines": [
          null,
          null,
          1,
          1,
          1,
          1,
          1,
          1,
          1,
          1,
          null,
          1,
          null,
          1,
          null,
          1,
          112,
          null,
          null
        ]
      },
      "/home/victor/Treinadev8/e-commerce_delivery_system/app/models/update_line.rb": {
        "lines": [
          null,
          null,
          1,
          1,
          1,
          null,
          null
        ]
      },
      "/home/victor/Treinadev8/e-commerce_delivery_system/app/models/vehicle.rb": {
        "lines": [
          null,
          null,
          1,
          1,
          1,
          1,
          null
        ]
      },
      "/home/victor/Treinadev8/e-commerce_delivery_system/app/models/delivery_time_table.rb": {
        "lines": [
          null,
          null,
          1,
          1,
          1,
          null
        ]
      },
      "/home/victor/Treinadev8/e-commerce_delivery_system/app/controllers/home_controller.rb": {
        "lines": [
          null,
          null,
          1,
          1,
          null
        ]
      },
      "/home/victor/Treinadev8/e-commerce_delivery_system/app/controllers/application_controller.rb": {
        "lines": [
          null,
          null,
          1,
          1,
          null,
          1,
          null,
          1,
          44,
          null,
          null
        ]
      },
      "/home/victor/Treinadev8/e-commerce_delivery_system/app/controllers/shipping_companies_controller.rb": {
        "lines": [
          null,
          null,
          1,
          1,
          1,
          null,
          1,
          12,
          null,
          null,
          1,
          14,
          14,
          null,
          null,
          1,
          3,
          null,
          null,
          1,
          2,
          null,
          2,
          null,
          2,
          1,
          null,
          1,
          1,
          null,
          null,
          null,
          1,
          3,
          3,
          null,
          null,
          1,
          2,
          2,
          null,
          2,
          null,
          2,
          1,
          null,
          1,
          1,
          1,
          null,
          null,
          null,
          1,
          null,
          1,
          1,
          null,
          1,
          1,
          null,
          1,
          null,
          null,
          1,
          1,
          1,
          1,
          1,
          1,
          null,
          1,
          null,
          null,
          1,
          null,
          1,
          0,
          0,
          null,
          0,
          null,
          null,
          1,
          null,
          1,
          16,
          null,
          null
        ]
      },
      "/home/victor/Treinadev8/e-commerce_delivery_system/app/controllers/order_controller.rb": {
        "lines": [
          null,
          null,
          1,
          1,
          1,
          null,
          1,
          6,
          6,
          6,
          null,
          null,
          1,
          2,
          2,
          2,
          2,
          2,
          2,
          null,
          null,
          1,
          3,
          3,
          null,
          null,
          1,
          2,
          2,
          null,
          null,
          2,
          2,
          2,
          null,
          2,
          1,
          null,
          1,
          1,
          1,
          null,
          null,
          null,
          1,
          0,
          0,
          null,
          0,
          null,
          0,
          0,
          null,
          0,
          0,
          null,
          null,
          null,
          1,
          0,
          0,
          0,
          0,
          null,
          0,
          null,
          null,
          1,
          0,
          0,
          0,
          0,
          0,
          null,
          0,
          0,
          null,
          null,
          null,
          1,
          null,
          1,
          12,
          null,
          null
        ]
      },
      "/home/victor/Treinadev8/e-commerce_delivery_system/app/models/price_table.rb": {
        "lines": [
          null,
          null,
          1,
          1,
          1,
          null
        ]
      },
      "/home/victor/Treinadev8/e-commerce_delivery_system/app/controllers/delivery_time_table_controller.rb": {
        "lines": [
          null,
          null,
          1,
          1,
          null,
          1,
          7,
          7,
          null,
          null,
          1,
          null,
          1,
          8,
          null,
          null
        ]
      },
      "/home/victor/Treinadev8/e-commerce_delivery_system/app/controllers/delivery_time_line_controller.rb": {
        "lines": [
          null,
          null,
          1,
          1,
          null,
          1,
          3,
          null,
          null,
          1,
          2,
          null,
          null,
          2,
          2,
          2,
          1,
          null,
          1,
          1,
          null,
          null,
          null,
          1,
          1,
          null,
          1,
          1,
          null,
          1,
          null,
          null,
          1,
          null,
          1,
          6,
          null,
          null
        ]
      },
      "/home/victor/Treinadev8/e-commerce_delivery_system/app/controllers/price_table_controller.rb": {
        "lines": [
          null,
          null,
          1,
          1,
          null,
          1,
          9,
          9,
          9,
          null,
          null,
          1,
          null,
          1,
          10,
          null,
          null
        ]
      },
      "/home/victor/Treinadev8/e-commerce_delivery_system/app/controllers/price_line_controller.rb": {
        "lines": [
          null,
          null,
          1,
          1,
          null,
          1,
          3,
          null,
          null,
          1,
          2,
          null,
          2,
          null,
          2,
          2,
          2,
          2,
          1,
          null,
          1,
          1,
          null,
          null,
          null,
          1,
          1,
          1,
          1,
          null,
          1,
          null,
          null,
          1,
          null,
          1,
          6,
          null,
          null
        ]
      },
      "/home/victor/Treinadev8/e-commerce_delivery_system/app/controllers/vehicles_controller.rb": {
        "lines": [
          null,
          null,
          1,
          1,
          null,
          1,
          11,
          11,
          null,
          null,
          1,
          6,
          6,
          null,
          null,
          1,
          3,
          3,
          null,
          null,
          1,
          2,
          2,
          null,
          2,
          2,
          2,
          1,
          null,
          1,
          1,
          null,
          null,
          null,
          1,
          3,
          3,
          null,
          null,
          1,
          2,
          2,
          2,
          null,
          2,
          1,
          null,
          1,
          1,
          null,
          null,
          null,
          1,
          1,
          1,
          null,
          1,
          null,
          1,
          null,
          null,
          1,
          null,
          1,
          29,
          null,
          null
        ]
      },
      "/home/victor/Treinadev8/e-commerce_delivery_system/app/services/application_service.rb": {
        "lines": [
          null,
          null,
          0,
          0,
          0,
          0,
          0
        ],
        "branches": {
        }
      },
      "/home/victor/Treinadev8/e-commerce_delivery_system/app/services/budget_finder.rb": {
        "lines": [
          null,
          null,
          0,
          0,
          null,
          0,
          0,
          0,
          null,
          0,
          0,
          0,
          0,
          null,
          0,
          0,
          0,
          0,
          0,
          null,
          0,
          0,
          0,
          0,
          0,
          0,
          0,
          0,
          0,
          0,
          null,
          0,
          0,
          0,
          0,
          0,
          null,
          0,
          null,
          0,
          0,
          0,
          0,
          0,
          0,
          0,
          0,
          0,
          null,
          0,
          0,
          0
        ],
        "branches": {
        }
      }
    },
    "timestamp": 1657579190
  }
}
